[31merror[39m: uncaughtException: тип Unable to compile TypeScript:
[96msrc/controllers/CoinController.ts[0m:[93m51[0m:[93m39[0m - [91merror[0m[90m TS2304: [0mCannot find name 'pageSize'.

[7m51[0m   const pageCount = Math.ceil(count / pageSize);
[7m  [0m [91m                                      ~~~~~~~~[0m
[96msrc/controllers/CoinController.ts[0m:[93m57[0m:[93m19[0m - [91merror[0m[90m TS2304: [0mCannot find name 'pageSize'.

[7m57[0m      rowsPerPage: pageSize,
[7m  [0m [91m                  ~~~~~~~~[0m

TSError: тип Unable to compile TypeScript:
[96msrc/controllers/CoinController.ts[0m:[93m51[0m:[93m39[0m - [91merror[0m[90m TS2304: [0mCannot find name 'pageSize'.

[7m51[0m   const pageCount = Math.ceil(count / pageSize);
[7m  [0m [91m                                      ~~~~~~~~[0m
[96msrc/controllers/CoinController.ts[0m:[93m57[0m:[93m19[0m - [91merror[0m[90m TS2304: [0mCannot find name 'pageSize'.

[7m57[0m      rowsPerPage: pageSize,
[7m  [0m [91m                  ~~~~~~~~[0m

    at createTSError (C:\projects\TraderApp\assets-service\node_modules\ts-node\src\index.ts:859:12)
    at reportTSError (C:\projects\TraderApp\assets-service\node_modules\ts-node\src\index.ts:863:19)
    at getOutput (C:\projects\TraderApp\assets-service\node_modules\ts-node\src\index.ts:1077:36)
    at Object.compile (C:\projects\TraderApp\assets-service\node_modules\ts-node\src\index.ts:1433:41)
    at Module.m._compile (C:\projects\TraderApp\assets-service\node_modules\ts-node\src\index.ts:1617:30)
    at Module._extensions..js (node:internal/modules/cjs/loader:1159:10)
    at Object.require.extensions.<computed> [as .ts] (C:\projects\TraderApp\assets-service\node_modules\ts-node\src\index.ts:1621:12)
    at Module.load (node:internal/modules/cjs/loader:981:32)
    at Function.Module._load (node:internal/modules/cjs/loader:822:12)
    at Module.require (node:internal/modules/cjs/loader:1005:19) [assets-service] development 2023-11-23 09:58:57
error: uncaughtException: тип Unable to compile TypeScript:
[96msrc/controllers/CoinController.ts[0m:[93m51[0m:[93m39[0m - [91merror[0m[90m TS2304: [0mCannot find name 'pageSize'.

[7m51[0m   const pageCount = Math.ceil(count / pageSize);
[7m  [0m [91m                                      ~~~~~~~~[0m
[96msrc/controllers/CoinController.ts[0m:[93m57[0m:[93m19[0m - [91merror[0m[90m TS2304: [0mCannot find name 'pageSize'.

[7m57[0m      rowsPerPage: pageSize,
[7m  [0m [91m                  ~~~~~~~~[0m

TSError: тип Unable to compile TypeScript:
[96msrc/controllers/CoinController.ts[0m:[93m51[0m:[93m39[0m - [91merror[0m[90m TS2304: [0mCannot find name 'pageSize'.

[7m51[0m   const pageCount = Math.ceil(count / pageSize);
[7m  [0m [91m                                      ~~~~~~~~[0m
[96msrc/controllers/CoinController.ts[0m:[93m57[0m:[93m19[0m - [91merror[0m[90m TS2304: [0mCannot find name 'pageSize'.

[7m57[0m      rowsPerPage: pageSize,
[7m  [0m [91m                  ~~~~~~~~[0m

    at createTSError (C:\projects\TraderApp\assets-service\node_modules\ts-node\src\index.ts:859:12)
    at reportTSError (C:\projects\TraderApp\assets-service\node_modules\ts-node\src\index.ts:863:19)
    at getOutput (C:\projects\TraderApp\assets-service\node_modules\ts-node\src\index.ts:1077:36)
    at Object.compile (C:\projects\TraderApp\assets-service\node_modules\ts-node\src\index.ts:1433:41)
    at Module.m._compile (C:\projects\TraderApp\assets-service\node_modules\ts-node\src\index.ts:1617:30)
    at Module._extensions..js (node:internal/modules/cjs/loader:1159:10)
    at Object.require.extensions.<computed> [as .ts] (C:\projects\TraderApp\assets-service\node_modules\ts-node\src\index.ts:1621:12)
    at Module.load (node:internal/modules/cjs/loader:981:32)
    at Function.Module._load (node:internal/modules/cjs/loader:822:12)
    at Module.require (node:internal/modules/cjs/loader:1005:19) [assets-service] development 2023-11-23T08:58:57.038Z
[31merror[39m: uncaughtException: тип Unable to compile TypeScript:
[96msrc/controllers/CoinController.ts[0m:[93m51[0m:[93m39[0m - [91merror[0m[90m TS2304: [0mCannot find name 'pageSize'.

[7m51[0m   const pageCount = Math.ceil(count / pageSize);
[7m  [0m [91m                                      ~~~~~~~~[0m
[96msrc/controllers/CoinController.ts[0m:[93m57[0m:[93m19[0m - [91merror[0m[90m TS2304: [0mCannot find name 'pageSize'.

[7m57[0m      rowsPerPage: pageSize,
[7m  [0m [91m                  ~~~~~~~~[0m

TSError: тип Unable to compile TypeScript:
[96msrc/controllers/CoinController.ts[0m:[93m51[0m:[93m39[0m - [91merror[0m[90m TS2304: [0mCannot find name 'pageSize'.

[7m51[0m   const pageCount = Math.ceil(count / pageSize);
[7m  [0m [91m                                      ~~~~~~~~[0m
[96msrc/controllers/CoinController.ts[0m:[93m57[0m:[93m19[0m - [91merror[0m[90m TS2304: [0mCannot find name 'pageSize'.

[7m57[0m      rowsPerPage: pageSize,
[7m  [0m [91m                  ~~~~~~~~[0m

    at createTSError (C:\projects\TraderApp\assets-service\node_modules\ts-node\src\index.ts:859:12)
    at reportTSError (C:\projects\TraderApp\assets-service\node_modules\ts-node\src\index.ts:863:19)
    at getOutput (C:\projects\TraderApp\assets-service\node_modules\ts-node\src\index.ts:1077:36)
    at Object.compile (C:\projects\TraderApp\assets-service\node_modules\ts-node\src\index.ts:1433:41)
    at Module.m._compile (C:\projects\TraderApp\assets-service\node_modules\ts-node\src\index.ts:1617:30)
    at Module._extensions..js (node:internal/modules/cjs/loader:1159:10)
    at Object.require.extensions.<computed> [as .ts] (C:\projects\TraderApp\assets-service\node_modules\ts-node\src\index.ts:1621:12)
    at Module.load (node:internal/modules/cjs/loader:981:32)
    at Function.Module._load (node:internal/modules/cjs/loader:822:12)
    at Module.require (node:internal/modules/cjs/loader:1005:19) [assets-service] development 2023-11-23 09:59:05
error: uncaughtException: тип Unable to compile TypeScript:
[96msrc/controllers/CoinController.ts[0m:[93m51[0m:[93m39[0m - [91merror[0m[90m TS2304: [0mCannot find name 'pageSize'.

[7m51[0m   const pageCount = Math.ceil(count / pageSize);
[7m  [0m [91m                                      ~~~~~~~~[0m
[96msrc/controllers/CoinController.ts[0m:[93m57[0m:[93m19[0m - [91merror[0m[90m TS2304: [0mCannot find name 'pageSize'.

[7m57[0m      rowsPerPage: pageSize,
[7m  [0m [91m                  ~~~~~~~~[0m

TSError: тип Unable to compile TypeScript:
[96msrc/controllers/CoinController.ts[0m:[93m51[0m:[93m39[0m - [91merror[0m[90m TS2304: [0mCannot find name 'pageSize'.

[7m51[0m   const pageCount = Math.ceil(count / pageSize);
[7m  [0m [91m                                      ~~~~~~~~[0m
[96msrc/controllers/CoinController.ts[0m:[93m57[0m:[93m19[0m - [91merror[0m[90m TS2304: [0mCannot find name 'pageSize'.

[7m57[0m      rowsPerPage: pageSize,
[7m  [0m [91m                  ~~~~~~~~[0m

    at createTSError (C:\projects\TraderApp\assets-service\node_modules\ts-node\src\index.ts:859:12)
    at reportTSError (C:\projects\TraderApp\assets-service\node_modules\ts-node\src\index.ts:863:19)
    at getOutput (C:\projects\TraderApp\assets-service\node_modules\ts-node\src\index.ts:1077:36)
    at Object.compile (C:\projects\TraderApp\assets-service\node_modules\ts-node\src\index.ts:1433:41)
    at Module.m._compile (C:\projects\TraderApp\assets-service\node_modules\ts-node\src\index.ts:1617:30)
    at Module._extensions..js (node:internal/modules/cjs/loader:1159:10)
    at Object.require.extensions.<computed> [as .ts] (C:\projects\TraderApp\assets-service\node_modules\ts-node\src\index.ts:1621:12)
    at Module.load (node:internal/modules/cjs/loader:981:32)
    at Function.Module._load (node:internal/modules/cjs/loader:822:12)
    at Module.require (node:internal/modules/cjs/loader:1005:19) [assets-service] development 2023-11-23T08:59:05.177Z
error: uncaughtException: тип Unable to compile TypeScript:
[96msrc/controllers/CoinController.ts[0m:[93m51[0m:[93m39[0m - [91merror[0m[90m TS2304: [0mCannot find name 'pageSize'.

[7m51[0m   const pageCount = Math.ceil(count / pageSize);
[7m  [0m [91m                                      ~~~~~~~~[0m
[96msrc/controllers/CoinController.ts[0m:[93m57[0m:[93m19[0m - [91merror[0m[90m TS2304: [0mCannot find name 'pageSize'.

[7m57[0m      rowsPerPage: pageSize,
[7m  [0m [91m                  ~~~~~~~~[0m

TSError: тип Unable to compile TypeScript:
[96msrc/controllers/CoinController.ts[0m:[93m51[0m:[93m39[0m - [91merror[0m[90m TS2304: [0mCannot find name 'pageSize'.

[7m51[0m   const pageCount = Math.ceil(count / pageSize);
[7m  [0m [91m                                      ~~~~~~~~[0m
[96msrc/controllers/CoinController.ts[0m:[93m57[0m:[93m19[0m - [91merror[0m[90m TS2304: [0mCannot find name 'pageSize'.

[7m57[0m      rowsPerPage: pageSize,
[7m  [0m [91m                  ~~~~~~~~[0m

    at createTSError (C:\projects\TraderApp\assets-service\node_modules\ts-node\src\index.ts:859:12)
    at reportTSError (C:\projects\TraderApp\assets-service\node_modules\ts-node\src\index.ts:863:19)
    at getOutput (C:\projects\TraderApp\assets-service\node_modules\ts-node\src\index.ts:1077:36)
    at Object.compile (C:\projects\TraderApp\assets-service\node_modules\ts-node\src\index.ts:1433:41)
    at Module.m._compile (C:\projects\TraderApp\assets-service\node_modules\ts-node\src\index.ts:1617:30)
    at Module._extensions..js (node:internal/modules/cjs/loader:1159:10)
    at Object.require.extensions.<computed> [as .ts] (C:\projects\TraderApp\assets-service\node_modules\ts-node\src\index.ts:1621:12)
    at Module.load (node:internal/modules/cjs/loader:981:32)
    at Function.Module._load (node:internal/modules/cjs/loader:822:12)
    at Module.require (node:internal/modules/cjs/loader:1005:19) [assets-service] development 2023-11-23T08:59:24.744Z
[31merror[39m: uncaughtException: тип Unable to compile TypeScript:
[96msrc/controllers/CoinController.ts[0m:[93m51[0m:[93m39[0m - [91merror[0m[90m TS2304: [0mCannot find name 'pageSize'.

[7m51[0m   const pageCount = Math.ceil(count / pageSize);
[7m  [0m [91m                                      ~~~~~~~~[0m
[96msrc/controllers/CoinController.ts[0m:[93m57[0m:[93m19[0m - [91merror[0m[90m TS2304: [0mCannot find name 'pageSize'.

[7m57[0m      rowsPerPage: pageSize,
[7m  [0m [91m                  ~~~~~~~~[0m

TSError: тип Unable to compile TypeScript:
[96msrc/controllers/CoinController.ts[0m:[93m51[0m:[93m39[0m - [91merror[0m[90m TS2304: [0mCannot find name 'pageSize'.

[7m51[0m   const pageCount = Math.ceil(count / pageSize);
[7m  [0m [91m                                      ~~~~~~~~[0m
[96msrc/controllers/CoinController.ts[0m:[93m57[0m:[93m19[0m - [91merror[0m[90m TS2304: [0mCannot find name 'pageSize'.

[7m57[0m      rowsPerPage: pageSize,
[7m  [0m [91m                  ~~~~~~~~[0m

    at createTSError (C:\projects\TraderApp\assets-service\node_modules\ts-node\src\index.ts:859:12)
    at reportTSError (C:\projects\TraderApp\assets-service\node_modules\ts-node\src\index.ts:863:19)
    at getOutput (C:\projects\TraderApp\assets-service\node_modules\ts-node\src\index.ts:1077:36)
    at Object.compile (C:\projects\TraderApp\assets-service\node_modules\ts-node\src\index.ts:1433:41)
    at Module.m._compile (C:\projects\TraderApp\assets-service\node_modules\ts-node\src\index.ts:1617:30)
    at Module._extensions..js (node:internal/modules/cjs/loader:1159:10)
    at Object.require.extensions.<computed> [as .ts] (C:\projects\TraderApp\assets-service\node_modules\ts-node\src\index.ts:1621:12)
    at Module.load (node:internal/modules/cjs/loader:981:32)
    at Function.Module._load (node:internal/modules/cjs/loader:822:12)
    at Module.require (node:internal/modules/cjs/loader:1005:19) [assets-service] development 2023-11-23 09:59:24
